<?xml version="1.0" encoding="UTF-8"?>
<coverage generated="1741826121744" clover="3.2.0">
  <project timestamp="1741826121744" name="All files">
    <metrics statements="12" coveredstatements="10" conditionals="0" coveredconditionals="0" methods="15" coveredmethods="2" elements="27" coveredelements="12" complexity="0" loc="12" ncloc="12" packages="3" files="3" classes="3"/>
    <package name="routes">
      <metrics statements="4" coveredstatements="3" conditionals="0" coveredconditionals="0" methods="1" coveredmethods="0"/>
      <file name="router.js" path="/Users/kierancroft/Documents/CroftCode/back-end-builds/tidechaser/api/routes/router.js">
        <metrics statements="4" coveredstatements="3" conditionals="0" coveredconditionals="0" methods="1" coveredmethods="0"/>
        <line num="2" count="1" type="stmt"/>
        <line num="8" count="1" type="stmt"/>
        <line num="18" count="1" type="stmt"/>
        <line num="19" count="0" type="stmt"/>
      </file>
    </package>
    <package name="routes.controllers">
      <metrics statements="1" coveredstatements="1" conditionals="0" coveredconditionals="0" methods="13" coveredmethods="1"/>
      <file name="dataController.js" path="/Users/kierancroft/Documents/CroftCode/back-end-builds/tidechaser/api/routes/controllers/dataController.js">
        <metrics statements="1" coveredstatements="1" conditionals="0" coveredconditionals="0" methods="13" coveredmethods="1"/>
        <line num="4" count="2" type="stmt"/>
      </file>
    </package>
    <package name="utilities.fetch">
      <metrics statements="7" coveredstatements="6" conditionals="0" coveredconditionals="0" methods="1" coveredmethods="1"/>
      <file name="fetchGeoData.js" path="/Users/kierancroft/Documents/CroftCode/back-end-builds/tidechaser/api/utilities/fetch/fetchGeoData.js">
        <metrics statements="7" coveredstatements="6" conditionals="0" coveredconditionals="0" methods="1" coveredmethods="1"/>
        <line num="4" count="1" type="stmt"/>
        <line num="5" count="1" type="stmt"/>
        <line num="8" count="1" type="stmt"/>
        <line num="9" count="1" type="stmt"/>
        <line num="10" count="1" type="stmt"/>
        <line num="11" count="1" type="stmt"/>
        <line num="13" count="0" type="stmt"/>
      </file>
    </package>
  </project>
</coverage>
