{"/Users/kierancroft/Documents/CroftCode/back-end-builds/tidechaser/api/routes/router.js": {"path":"/Users/kierancroft/Documents/CroftCode/back-end-builds/tidechaser/api/routes/router.js","statementMap":{"0":{"start":{"line":2,"column":15},"end":{"line":2,"column":31}},"1":{"start":{"line":8,"column":0},"end":{"line":8,"column":29}},"2":{"start":{"line":18,"column":0},"end":{"line":20,"column":3}},"3":{"start":{"line":19,"column":2},"end":{"line":19,"column":29}}},"fnMap":{"0":{"name":"(anonymous_0)","decl":{"start":{"line":18,"column":16},"end":{"line":18,"column":17}},"loc":{"start":{"line":18,"column":30},"end":{"line":20,"column":1}},"line":18}},"branchMap":{},"s":{"0":1,"1":1,"2":1,"3":0},"f":{"0":0},"b":{},"_coverageSchema":"1a1c01bbd47fc00a2c39e90264f33305004495a9","hash":"f9d71ff6aca22186a563b05b0930cb5e6361156e"}
,"/Users/kierancroft/Documents/CroftCode/back-end-builds/tidechaser/api/routes/controllers/dataController.js": {"path":"/Users/kierancroft/Documents/CroftCode/back-end-builds/tidechaser/api/routes/controllers/dataController.js","statementMap":{"0":{"start":{"line":4,"column":2},"end":{"line":4,"column":28}}},"fnMap":{"0":{"name":"getData","decl":{"start":{"line":3,"column":16},"end":{"line":3,"column":23}},"loc":{"start":{"line":3,"column":34},"end":{"line":5,"column":1}},"line":3},"1":{"name":"getUserSearchHistory","decl":{"start":{"line":7,"column":9},"end":{"line":7,"column":29}},"loc":{"start":{"line":7,"column":40},"end":{"line":7,"column":42}},"line":7},"2":{"name":"getUserSearchResults","decl":{"start":{"line":9,"column":9},"end":{"line":9,"column":29}},"loc":{"start":{"line":9,"column":40},"end":{"line":9,"column":42}},"line":9},"3":{"name":"getUserBoards","decl":{"start":{"line":11,"column":9},"end":{"line":11,"column":22}},"loc":{"start":{"line":11,"column":33},"end":{"line":11,"column":35}},"line":11},"4":{"name":"getUserFavourites","decl":{"start":{"line":13,"column":9},"end":{"line":13,"column":26}},"loc":{"start":{"line":13,"column":37},"end":{"line":13,"column":39}},"line":13},"5":{"name":"postAuth","decl":{"start":{"line":17,"column":9},"end":{"line":17,"column":17}},"loc":{"start":{"line":17,"column":28},"end":{"line":17,"column":30}},"line":17},"6":{"name":"postUserSignup","decl":{"start":{"line":19,"column":9},"end":{"line":19,"column":23}},"loc":{"start":{"line":19,"column":34},"end":{"line":19,"column":36}},"line":19},"7":{"name":"postUserLogin","decl":{"start":{"line":21,"column":9},"end":{"line":21,"column":22}},"loc":{"start":{"line":21,"column":33},"end":{"line":21,"column":35}},"line":21},"8":{"name":"postUserBoard","decl":{"start":{"line":23,"column":9},"end":{"line":23,"column":22}},"loc":{"start":{"line":23,"column":33},"end":{"line":23,"column":35}},"line":23},"9":{"name":"postUserFavourite","decl":{"start":{"line":25,"column":9},"end":{"line":25,"column":26}},"loc":{"start":{"line":25,"column":37},"end":{"line":25,"column":39}},"line":25},"10":{"name":"deleteUser","decl":{"start":{"line":29,"column":9},"end":{"line":29,"column":19}},"loc":{"start":{"line":29,"column":30},"end":{"line":29,"column":32}},"line":29},"11":{"name":"deleteUserBoard","decl":{"start":{"line":31,"column":9},"end":{"line":31,"column":24}},"loc":{"start":{"line":31,"column":35},"end":{"line":31,"column":37}},"line":31},"12":{"name":"deleteUserFavourite","decl":{"start":{"line":33,"column":9},"end":{"line":33,"column":28}},"loc":{"start":{"line":33,"column":39},"end":{"line":33,"column":41}},"line":33}},"branchMap":{},"s":{"0":2},"f":{"0":2,"1":0,"2":0,"3":0,"4":0,"5":0,"6":0,"7":0,"8":0,"9":0,"10":0,"11":0,"12":0},"b":{},"_coverageSchema":"1a1c01bbd47fc00a2c39e90264f33305004495a9","hash":"17952fdb7e592456256215f737212a2bc2f5c939"}
,"/Users/kierancroft/Documents/CroftCode/back-end-builds/tidechaser/api/utilities/fetch/fetchGeoData.js": {"path":"/Users/kierancroft/Documents/CroftCode/back-end-builds/tidechaser/api/utilities/fetch/fetchGeoData.js","statementMap":{"0":{"start":{"line":4,"column":14},"end":{"line":4,"column":100}},"1":{"start":{"line":5,"column":18},"end":{"line":7,"column":3}},"2":{"start":{"line":8,"column":2},"end":{"line":14,"column":3}},"3":{"start":{"line":9,"column":16},"end":{"line":9,"column":41}},"4":{"start":{"line":10,"column":17},"end":{"line":10,"column":33}},"5":{"start":{"line":11,"column":4},"end":{"line":11,"column":19}},"6":{"start":{"line":13,"column":4},"end":{"line":13,"column":23}}},"fnMap":{"0":{"name":"fetchGeoData","decl":{"start":{"line":3,"column":15},"end":{"line":3,"column":27}},"loc":{"start":{"line":3,"column":38},"end":{"line":15,"column":1}},"line":3}},"branchMap":{},"s":{"0":1,"1":1,"2":1,"3":1,"4":1,"5":1,"6":0},"f":{"0":1},"b":{},"_coverageSchema":"1a1c01bbd47fc00a2c39e90264f33305004495a9","hash":"ada7ef2a9b8267c25547642111866dd5548fd170"}
}
