TN:
SF:api/routes/router.js
FN:18,(anonymous_0)
FNF:1
FNH:1
FNDA:1,(anonymous_0)
DA:2,1
DA:8,1
DA:18,1
DA:19,1
LF:4
LH:4
BRF:0
BRH:0
end_of_record
TN:
SF:api/routes/controllers/dataController.js
FN:3,getData
FN:7,getUserSearchHistory
FN:9,getUserSearchResults
FN:11,getUserBoards
FN:13,getUserFavourites
FN:17,postAuth
FN:19,postUserSignup
FN:21,postUserLogin
FN:23,postUserBoard
FN:25,postUserFavourite
FN:29,deleteUser
FN:31,deleteUserBoard
FN:33,deleteUserFavourite
FNF:13
FNH:1
FNDA:2,getData
FNDA:0,getUserSearchHistory
FNDA:0,getUserSearchResults
FNDA:0,getUserBoards
FNDA:0,getUserFavourites
FNDA:0,postAuth
FNDA:0,postUserSignup
FNDA:0,postUserLogin
FNDA:0,postUserBoard
FNDA:0,postUserFavourite
FNDA:0,deleteUser
FNDA:0,deleteUserBoard
FNDA:0,deleteUserFavourite
DA:4,2
LF:1
LH:1
BRF:0
BRH:0
end_of_record
TN:
SF:api/utilities/fetch/fetchGeoData.js
FN:3,fetchGeoData
FNF:1
FNH:1
FNDA:3,fetchGeoData
DA:4,3
DA:5,3
DA:8,3
DA:9,3
DA:10,3
DA:11,3
DA:12,1
DA:14,2
DA:17,0
LF:9
LH:8
BRDA:11,0,0,1
BRDA:11,0,1,2
BRF:2
BRH:2
end_of_record
TN:
SF:api/utilities/fetch/fetchTempData.js
FN:3,fetchTempData
FNF:1
FNH:1
FNDA:1,fetchTempData
DA:4,1
DA:5,1
DA:8,1
DA:9,1
DA:10,1
DA:11,1
DA:13,0
LF:7
LH:6
BRF:0
BRH:0
end_of_record
TN:
SF:api/utilities/fetch/fetchWaveData.js
FN:3,fetchWaveData
FNF:1
FNH:1
FNDA:1,fetchWaveData
DA:4,1
DA:5,1
DA:8,1
DA:9,1
DA:10,1
DA:11,1
DA:13,0
LF:7
LH:6
BRF:0
BRH:0
end_of_record
TN:
SF:api/utilities/fetch/fetchWindData.js
FN:3,fetchWindData
FNF:1
FNH:1
FNDA:1,fetchWindData
DA:4,1
DA:5,1
DA:8,1
DA:9,1
DA:10,1
DA:11,1
DA:13,0
LF:7
LH:6
BRF:0
BRH:0
end_of_record
